<?xml version="1.0" encoding="UTF-8"?>
<testsuite xmlns:xsi="http://www.w3.org/2001/XMLSchema-instance" xsi:noNamespaceSchemaLocation="https://maven.apache.org/surefire/maven-surefire-plugin/xsd/surefire-test-report.xsd" name="org.evil.AppTest" time="0.01" tests="1" errors="0" skipped="0" failures="0">
  <properties>
    <property name="java.specification.version" value="17"/>
    <property name="sun.jnu.encoding" value="UTF-8"/>
    <property name="java.class.path" value="/Users/federicobono/Documents/IT/UNI/poc/attackvector/target/test-classes:/Users/federicobono/Documents/IT/UNI/poc/attackvector/target/classes:/Users/federicobono/.m2/repository/junit/junit/4.11/junit-4.11.jar:/Users/federicobono/.m2/repository/org/hamcrest/hamcrest-core/1.3/hamcrest-core-1.3.jar:/Users/federicobono/.m2/repository/org/postgresql/postgresql/42.6.0/postgresql-42.6.0.jar:/Users/federicobono/.m2/repository/org/springframework/spring-jdbc/5.3.27/spring-jdbc-5.3.27.jar:/Users/federicobono/.m2/repository/org/springframework/spring-beans/5.3.27/spring-beans-5.3.27.jar:/Users/federicobono/.m2/repository/org/springframework/spring-core/5.3.27/spring-core-5.3.27.jar:/Users/federicobono/.m2/repository/org/springframework/spring-jcl/5.3.27/spring-jcl-5.3.27.jar:/Users/federicobono/.m2/repository/org/springframework/spring-tx/5.3.27/spring-tx-5.3.27.jar:/Users/federicobono/.m2/repository/org/springframework/data/spring-data-relational/2.4.11/spring-data-relational-2.4.11.jar:/Users/federicobono/.m2/repository/org/springframework/spring-context/5.3.27/spring-context-5.3.27.jar:/Users/federicobono/.m2/repository/org/springframework/spring-aop/5.3.27/spring-aop-5.3.27.jar:/Users/federicobono/.m2/repository/org/springframework/spring-expression/5.3.27/spring-expression-5.3.27.jar:/Users/federicobono/.m2/repository/org/slf4j/slf4j-api/1.7.32/slf4j-api-1.7.32.jar:/Users/federicobono/.m2/repository/org/springframework/data/spring-data-commons/2.7.11/spring-data-commons-2.7.11.jar:/Users/federicobono/.m2/repository/org/checkerframework/checker-qual/3.31.0/checker-qual-3.31.0.jar:"/>
    <property name="java.vm.vendor" value="Azul Systems, Inc."/>
    <property name="sun.arch.data.model" value="64"/>
    <property name="java.vendor.url" value="http://www.azul.com/"/>
    <property name="os.name" value="Mac OS X"/>
    <property name="java.vm.specification.version" value="17"/>
    <property name="sun.java.launcher" value="SUN_STANDARD"/>
    <property name="user.country" value="US"/>
    <property name="sun.boot.library.path" value="/Library/Java/JavaVirtualMachines/zulu-17.jdk/Contents/Home/lib"/>
    <property name="sun.java.command" value="/Users/federicobono/Documents/IT/UNI/poc/attackvector/target/surefire/surefirebooter17009947570846891964.jar /Users/federicobono/Documents/IT/UNI/poc/attackvector/target/surefire 2024-07-09T12-28-45_530-jvmRun1 surefire12564200254245952582tmp surefire_03535997385814758945tmp"/>
    <property name="jdk.debug" value="release"/>
    <property name="surefire.test.class.path" value="/Users/federicobono/Documents/IT/UNI/poc/attackvector/target/test-classes:/Users/federicobono/Documents/IT/UNI/poc/attackvector/target/classes:/Users/federicobono/.m2/repository/junit/junit/4.11/junit-4.11.jar:/Users/federicobono/.m2/repository/org/hamcrest/hamcrest-core/1.3/hamcrest-core-1.3.jar:/Users/federicobono/.m2/repository/org/postgresql/postgresql/42.6.0/postgresql-42.6.0.jar:/Users/federicobono/.m2/repository/org/springframework/spring-jdbc/5.3.27/spring-jdbc-5.3.27.jar:/Users/federicobono/.m2/repository/org/springframework/spring-beans/5.3.27/spring-beans-5.3.27.jar:/Users/federicobono/.m2/repository/org/springframework/spring-core/5.3.27/spring-core-5.3.27.jar:/Users/federicobono/.m2/repository/org/springframework/spring-jcl/5.3.27/spring-jcl-5.3.27.jar:/Users/federicobono/.m2/repository/org/springframework/spring-tx/5.3.27/spring-tx-5.3.27.jar:/Users/federicobono/.m2/repository/org/springframework/data/spring-data-relational/2.4.11/spring-data-relational-2.4.11.jar:/Users/federicobono/.m2/repository/org/springframework/spring-context/5.3.27/spring-context-5.3.27.jar:/Users/federicobono/.m2/repository/org/springframework/spring-aop/5.3.27/spring-aop-5.3.27.jar:/Users/federicobono/.m2/repository/org/springframework/spring-expression/5.3.27/spring-expression-5.3.27.jar:/Users/federicobono/.m2/repository/org/slf4j/slf4j-api/1.7.32/slf4j-api-1.7.32.jar:/Users/federicobono/.m2/repository/org/springframework/data/spring-data-commons/2.7.11/spring-data-commons-2.7.11.jar:/Users/federicobono/.m2/repository/org/checkerframework/checker-qual/3.31.0/checker-qual-3.31.0.jar:"/>
    <property name="sun.cpu.endian" value="little"/>
    <property name="user.home" value="/Users/federicobono"/>
    <property name="user.language" value="en"/>
    <property name="java.specification.vendor" value="Oracle Corporation"/>
    <property name="java.version.date" value="2023-10-17"/>
    <property name="java.home" value="/Library/Java/JavaVirtualMachines/zulu-17.jdk/Contents/Home"/>
    <property name="file.separator" value="/"/>
    <property name="basedir" value="/Users/federicobono/Documents/IT/UNI/poc/attackvector"/>
    <property name="java.vm.compressedOopsMode" value="Zero based"/>
    <property name="line.separator" value="&#10;"/>
    <property name="java.vm.specification.vendor" value="Oracle Corporation"/>
    <property name="java.specification.name" value="Java Platform API Specification"/>
    <property name="surefire.real.class.path" value="/Users/federicobono/Documents/IT/UNI/poc/attackvector/target/surefire/surefirebooter17009947570846891964.jar"/>
    <property name="sun.management.compiler" value="HotSpot 64-Bit Tiered Compilers"/>
    <property name="java.runtime.version" value="17.0.9+8-LTS"/>
    <property name="user.name" value="federicobono"/>
    <property name="path.separator" value=":"/>
    <property name="os.version" value="14.5"/>
    <property name="java.runtime.name" value="OpenJDK Runtime Environment"/>
    <property name="file.encoding" value="UTF-8"/>
    <property name="java.vm.name" value="OpenJDK 64-Bit Server VM"/>
    <property name="java.vendor.version" value="Zulu17.46+19-CA"/>
    <property name="localRepository" value="/Users/federicobono/.m2/repository"/>
    <property name="java.vendor.url.bug" value="http://www.azul.com/support/"/>
    <property name="java.io.tmpdir" value="/var/folders/11/q8qqx0yx4r9b196nb8_mb4y00000gn/T/"/>
    <property name="java.version" value="17.0.9"/>
    <property name="user.dir" value="/Users/federicobono/Documents/IT/UNI/poc/attackvector"/>
    <property name="os.arch" value="aarch64"/>
    <property name="java.vm.specification.name" value="Java Virtual Machine Specification"/>
    <property name="native.encoding" value="UTF-8"/>
    <property name="java.library.path" value="/Users/federicobono/Library/Java/Extensions:/Library/Java/Extensions:/Network/Library/Java/Extensions:/System/Library/Java/Extensions:/usr/lib/java:."/>
    <property name="java.vm.info" value="mixed mode, sharing"/>
    <property name="java.vendor" value="Azul Systems, Inc."/>
    <property name="java.vm.version" value="17.0.9+8-LTS"/>
    <property name="sun.io.unicode.encoding" value="UnicodeBig"/>
    <property name="java.class.version" value="61.0"/>
  </properties>
  <testcase name="shouldAnswerWithTrue" classname="org.evil.AppTest" time="0.001"/>
</testsuite>